Analysis & Synthesis report for alu
Tue Sep 19 11:59:11 2023
Quartus Prime Version 17.0.0 Build 595 04/25/2017 SJ Lite Edition


---------------------
; Table of Contents ;
---------------------
  1. Legal Notice
  2. Analysis & Synthesis Summary
  3. Analysis & Synthesis Settings
  4. Parallel Compilation
  5. Analysis & Synthesis Source Files Read
  6. Analysis & Synthesis Resource Usage Summary
  7. Analysis & Synthesis Resource Utilization by Entity
  8. General Register Statistics
  9. Multiplexer Restructuring Statistics (Restructuring Performed)
 10. Port Connectivity Checks: "subtraction:subtraction0|CSA_32bits:CSA0"
 11. Port Connectivity Checks: "subtraction:subtraction0"
 12. Port Connectivity Checks: "addition:addition0|CSA_32bits:CSA0|RCA_16bits:RCA2"
 13. Port Connectivity Checks: "addition:addition0|CSA_32bits:CSA0|RCA_16bits:RCA1"
 14. Port Connectivity Checks: "addition:addition0|CSA_32bits:CSA0"
 15. Port Connectivity Checks: "addition:addition0"
 16. Post-Synthesis Netlist Statistics for Top Partition
 17. Elapsed Time Per Partition
 18. Analysis & Synthesis Messages



----------------
; Legal Notice ;
----------------
Copyright (C) 2017  Intel Corporation. All rights reserved.
Your use of Intel Corporation's design tools, logic functions 
and other software and tools, and its AMPP partner logic 
functions, and any output files from any of the foregoing 
(including device programming or simulation files), and any 
associated documentation or information are expressly subject 
to the terms and conditions of the Intel Program License 
Subscription Agreement, the Intel Quartus Prime License Agreement,
the Intel MegaCore Function License Agreement, or other 
applicable license agreement, including, without limitation, 
that your use is for the sole purpose of programming logic 
devices manufactured by Intel and sold by Intel or its 
authorized distributors.  Please refer to the applicable 
agreement for further details.



+----------------------------------------------------------------------------------+
; Analysis & Synthesis Summary                                                     ;
+------------------------------------+---------------------------------------------+
; Analysis & Synthesis Status        ; Successful - Tue Sep 19 11:59:11 2023       ;
; Quartus Prime Version              ; 17.0.0 Build 595 04/25/2017 SJ Lite Edition ;
; Revision Name                      ; alu                                         ;
; Top-level Entity Name              ; alu                                         ;
; Family                             ; Cyclone IV E                                ;
; Total logic elements               ; 179                                         ;
;     Total combinational functions  ; 179                                         ;
;     Dedicated logic registers      ; 0                                           ;
; Total registers                    ; 0                                           ;
; Total pins                         ; 109                                         ;
; Total virtual pins                 ; 0                                           ;
; Total memory bits                  ; 0                                           ;
; Embedded Multiplier 9-bit elements ; 0                                           ;
; Total PLLs                         ; 0                                           ;
+------------------------------------+---------------------------------------------+


+----------------------------------------------------------------------------------------------------------------------+
; Analysis & Synthesis Settings                                                                                        ;
+----------------------------------------------------------------------------+--------------------+--------------------+
; Option                                                                     ; Setting            ; Default Value      ;
+----------------------------------------------------------------------------+--------------------+--------------------+
; Device                                                                     ; EP4CE115F29C7      ;                    ;
; Top-level entity name                                                      ; alu                ; alu                ;
; Family name                                                                ; Cyclone IV E       ; Cyclone V          ;
; Use smart compilation                                                      ; Off                ; Off                ;
; Enable parallel Assembler and TimeQuest Timing Analyzer during compilation ; On                 ; On                 ;
; Enable compact report table                                                ; Off                ; Off                ;
; Restructure Multiplexers                                                   ; Auto               ; Auto               ;
; Create Debugging Nodes for IP Cores                                        ; Off                ; Off                ;
; Preserve fewer node names                                                  ; On                 ; On                 ;
; OpenCore Plus hardware evaluation                                          ; Enable             ; Enable             ;
; Verilog Version                                                            ; Verilog_2001       ; Verilog_2001       ;
; VHDL Version                                                               ; VHDL_1993          ; VHDL_1993          ;
; State Machine Processing                                                   ; Auto               ; Auto               ;
; Safe State Machine                                                         ; Off                ; Off                ;
; Extract Verilog State Machines                                             ; On                 ; On                 ;
; Extract VHDL State Machines                                                ; On                 ; On                 ;
; Ignore Verilog initial constructs                                          ; Off                ; Off                ;
; Iteration limit for constant Verilog loops                                 ; 5000               ; 5000               ;
; Iteration limit for non-constant Verilog loops                             ; 250                ; 250                ;
; Add Pass-Through Logic to Inferred RAMs                                    ; On                 ; On                 ;
; Infer RAMs from Raw Logic                                                  ; On                 ; On                 ;
; Parallel Synthesis                                                         ; On                 ; On                 ;
; DSP Block Balancing                                                        ; Auto               ; Auto               ;
; NOT Gate Push-Back                                                         ; On                 ; On                 ;
; Power-Up Don't Care                                                        ; On                 ; On                 ;
; Remove Redundant Logic Cells                                               ; Off                ; Off                ;
; Remove Duplicate Registers                                                 ; On                 ; On                 ;
; Ignore CARRY Buffers                                                       ; Off                ; Off                ;
; Ignore CASCADE Buffers                                                     ; Off                ; Off                ;
; Ignore GLOBAL Buffers                                                      ; Off                ; Off                ;
; Ignore ROW GLOBAL Buffers                                                  ; Off                ; Off                ;
; Ignore LCELL Buffers                                                       ; Off                ; Off                ;
; Ignore SOFT Buffers                                                        ; On                 ; On                 ;
; Limit AHDL Integers to 32 Bits                                             ; Off                ; Off                ;
; Optimization Technique                                                     ; Balanced           ; Balanced           ;
; Carry Chain Length                                                         ; 70                 ; 70                 ;
; Auto Carry Chains                                                          ; On                 ; On                 ;
; Auto Open-Drain Pins                                                       ; On                 ; On                 ;
; Perform WYSIWYG Primitive Resynthesis                                      ; Off                ; Off                ;
; Auto ROM Replacement                                                       ; On                 ; On                 ;
; Auto RAM Replacement                                                       ; On                 ; On                 ;
; Auto DSP Block Replacement                                                 ; On                 ; On                 ;
; Auto Shift Register Replacement                                            ; Auto               ; Auto               ;
; Allow Shift Register Merging across Hierarchies                            ; Auto               ; Auto               ;
; Auto Clock Enable Replacement                                              ; On                 ; On                 ;
; Strict RAM Replacement                                                     ; Off                ; Off                ;
; Allow Synchronous Control Signals                                          ; On                 ; On                 ;
; Force Use of Synchronous Clear Signals                                     ; Off                ; Off                ;
; Auto RAM Block Balancing                                                   ; On                 ; On                 ;
; Auto RAM to Logic Cell Conversion                                          ; Off                ; Off                ;
; Auto Resource Sharing                                                      ; Off                ; Off                ;
; Allow Any RAM Size For Recognition                                         ; Off                ; Off                ;
; Allow Any ROM Size For Recognition                                         ; Off                ; Off                ;
; Allow Any Shift Register Size For Recognition                              ; Off                ; Off                ;
; Use LogicLock Constraints during Resource Balancing                        ; On                 ; On                 ;
; Ignore translate_off and synthesis_off directives                          ; Off                ; Off                ;
; Timing-Driven Synthesis                                                    ; On                 ; On                 ;
; Report Parameter Settings                                                  ; On                 ; On                 ;
; Report Source Assignments                                                  ; On                 ; On                 ;
; Report Connectivity Checks                                                 ; On                 ; On                 ;
; Ignore Maximum Fan-Out Assignments                                         ; Off                ; Off                ;
; Synchronization Register Chain Length                                      ; 2                  ; 2                  ;
; PowerPlay Power Optimization During Synthesis                              ; Normal compilation ; Normal compilation ;
; HDL message level                                                          ; Level2             ; Level2             ;
; Suppress Register Optimization Related Messages                            ; Off                ; Off                ;
; Number of Removed Registers Reported in Synthesis Report                   ; 5000               ; 5000               ;
; Number of Swept Nodes Reported in Synthesis Report                         ; 5000               ; 5000               ;
; Number of Inverted Registers Reported in Synthesis Report                  ; 100                ; 100                ;
; Clock MUX Protection                                                       ; On                 ; On                 ;
; Auto Gated Clock Conversion                                                ; Off                ; Off                ;
; Block Design Naming                                                        ; Auto               ; Auto               ;
; SDC constraint protection                                                  ; Off                ; Off                ;
; Synthesis Effort                                                           ; Auto               ; Auto               ;
; Shift Register Replacement - Allow Asynchronous Clear Signal               ; On                 ; On                 ;
; Pre-Mapping Resynthesis Optimization                                       ; Off                ; Off                ;
; Analysis & Synthesis Message Level                                         ; Medium             ; Medium             ;
; Disable Register Merging Across Hierarchies                                ; Auto               ; Auto               ;
; Resource Aware Inference For Block RAM                                     ; On                 ; On                 ;
+----------------------------------------------------------------------------+--------------------+--------------------+


+------------------------------------------+
; Parallel Compilation                     ;
+----------------------------+-------------+
; Processors                 ; Number      ;
+----------------------------+-------------+
; Number detected on machine ; 16          ;
; Maximum allowed            ; 8           ;
;                            ;             ;
; Average used               ; 1.00        ;
; Maximum used               ; 1           ;
;                            ;             ;
; Usage by Processor         ; % Time Used ;
;     Processor 1            ; 100.0%      ;
+----------------------------+-------------+


+--------------------------------------------------------------------------------------------------------------------------------------------------------------------+
; Analysis & Synthesis Source Files Read                                                                                                                             ;
+----------------------------------+-----------------+------------------------+----------------------------------------------------------------------------+---------+
; File Name with User-Entered Path ; Used in Netlist ; File Type              ; File Name with Absolute Path                                               ; Library ;
+----------------------------------+-----------------+------------------------+----------------------------------------------------------------------------+---------+
; full_adder.v                     ; yes             ; User Verilog HDL File  ; C:/Users/Daenerys/Desktop/ECE 550D/project/checkpoint1 - ALU/full_adder.v  ;         ;
; RCA_16bits.v                     ; yes             ; User Verilog HDL File  ; C:/Users/Daenerys/Desktop/ECE 550D/project/checkpoint1 - ALU/RCA_16bits.v  ;         ;
; mux.v                            ; yes             ; User Verilog HDL File  ; C:/Users/Daenerys/Desktop/ECE 550D/project/checkpoint1 - ALU/mux.v         ;         ;
; mux_16bits.v                     ; yes             ; User Verilog HDL File  ; C:/Users/Daenerys/Desktop/ECE 550D/project/checkpoint1 - ALU/mux_16bits.v  ;         ;
; mux_32bits.v                     ; yes             ; User Verilog HDL File  ; C:/Users/Daenerys/Desktop/ECE 550D/project/checkpoint1 - ALU/mux_32bits.v  ;         ;
; addition.v                       ; yes             ; User Verilog HDL File  ; C:/Users/Daenerys/Desktop/ECE 550D/project/checkpoint1 - ALU/addition.v    ;         ;
; CSA_32bits.v                     ; yes             ; User Verilog HDL File  ; C:/Users/Daenerys/Desktop/ECE 550D/project/checkpoint1 - ALU/CSA_32bits.v  ;         ;
; subtraction.v                    ; yes             ; User Verilog HDL File  ; C:/Users/Daenerys/Desktop/ECE 550D/project/checkpoint1 - ALU/subtraction.v ;         ;
; alu.v                            ; yes             ; User Verilog HDL File  ; C:/Users/Daenerys/Desktop/ECE 550D/project/checkpoint1 - ALU/alu.v         ;         ;
+----------------------------------+-----------------+------------------------+----------------------------------------------------------------------------+---------+


+-----------------------------------------------------------------------+
; Analysis & Synthesis Resource Usage Summary                           ;
+---------------------------------------------+-------------------------+
; Resource                                    ; Usage                   ;
+---------------------------------------------+-------------------------+
; Estimated Total logic elements              ; 179                     ;
;                                             ;                         ;
; Total combinational functions               ; 179                     ;
; Logic element usage by number of LUT inputs ;                         ;
;     -- 4 input functions                    ; 73                      ;
;     -- 3 input functions                    ; 68                      ;
;     -- <=2 input functions                  ; 38                      ;
;                                             ;                         ;
; Logic elements by mode                      ;                         ;
;     -- normal mode                          ; 179                     ;
;     -- arithmetic mode                      ; 0                       ;
;                                             ;                         ;
; Total registers                             ; 0                       ;
;     -- Dedicated logic registers            ; 0                       ;
;     -- I/O registers                        ; 0                       ;
;                                             ;                         ;
; I/O pins                                    ; 109                     ;
;                                             ;                         ;
; Embedded Multiplier 9-bit elements          ; 0                       ;
;                                             ;                         ;
; Maximum fan-out node                        ; ctrl_ALUopcode[0]~input ;
; Maximum fan-out                             ; 33                      ;
; Total fan-out                               ; 714                     ;
; Average fan-out                             ; 1.80                    ;
+---------------------------------------------+-------------------------+


+-----------------------------------------------------------------------------------------------------------------------------------------------------------------------------------------------------------------------------------------------------------------------+
; Analysis & Synthesis Resource Utilization by Entity                                                                                                                                                                                                                   ;
+-------------------------------+---------------------+---------------------------+-------------+--------------+---------+-----------+------+--------------+-------------------------------------------------------------------------------+-------------+--------------+
; Compilation Hierarchy Node    ; Combinational ALUTs ; Dedicated Logic Registers ; Memory Bits ; DSP Elements ; DSP 9x9 ; DSP 18x18 ; Pins ; Virtual Pins ; Full Hierarchy Name                                                           ; Entity Name ; Library Name ;
+-------------------------------+---------------------+---------------------------+-------------+--------------+---------+-----------+------+--------------+-------------------------------------------------------------------------------+-------------+--------------+
; |alu                          ; 179 (0)             ; 0 (0)                     ; 0           ; 0            ; 0       ; 0         ; 109  ; 0            ; |alu                                                                          ; alu         ; work         ;
;    |addition:addition0|       ; 40 (0)              ; 0 (0)                     ; 0           ; 0            ; 0       ; 0         ; 0    ; 0            ; |alu|addition:addition0                                                       ; addition    ; work         ;
;       |CSA_32bits:CSA0|       ; 40 (0)              ; 0 (0)                     ; 0           ; 0            ; 0       ; 0         ; 0    ; 0            ; |alu|addition:addition0|CSA_32bits:CSA0                                       ; CSA_32bits  ; work         ;
;          |RCA_16bits:RCA0|    ; 15 (0)              ; 0 (0)                     ; 0           ; 0            ; 0       ; 0         ; 0    ; 0            ; |alu|addition:addition0|CSA_32bits:CSA0|RCA_16bits:RCA0                       ; RCA_16bits  ; work         ;
;             |full_adder:FA10| ; 1 (1)               ; 0 (0)                     ; 0           ; 0            ; 0       ; 0         ; 0    ; 0            ; |alu|addition:addition0|CSA_32bits:CSA0|RCA_16bits:RCA0|full_adder:FA10       ; full_adder  ; work         ;
;             |full_adder:FA11| ; 1 (1)               ; 0 (0)                     ; 0           ; 0            ; 0       ; 0         ; 0    ; 0            ; |alu|addition:addition0|CSA_32bits:CSA0|RCA_16bits:RCA0|full_adder:FA11       ; full_adder  ; work         ;
;             |full_adder:FA12| ; 1 (1)               ; 0 (0)                     ; 0           ; 0            ; 0       ; 0         ; 0    ; 0            ; |alu|addition:addition0|CSA_32bits:CSA0|RCA_16bits:RCA0|full_adder:FA12       ; full_adder  ; work         ;
;             |full_adder:FA13| ; 1 (1)               ; 0 (0)                     ; 0           ; 0            ; 0       ; 0         ; 0    ; 0            ; |alu|addition:addition0|CSA_32bits:CSA0|RCA_16bits:RCA0|full_adder:FA13       ; full_adder  ; work         ;
;             |full_adder:FA14| ; 1 (1)               ; 0 (0)                     ; 0           ; 0            ; 0       ; 0         ; 0    ; 0            ; |alu|addition:addition0|CSA_32bits:CSA0|RCA_16bits:RCA0|full_adder:FA14       ; full_adder  ; work         ;
;             |full_adder:FA15| ; 1 (1)               ; 0 (0)                     ; 0           ; 0            ; 0       ; 0         ; 0    ; 0            ; |alu|addition:addition0|CSA_32bits:CSA0|RCA_16bits:RCA0|full_adder:FA15       ; full_adder  ; work         ;
;             |full_adder:FA1|  ; 1 (1)               ; 0 (0)                     ; 0           ; 0            ; 0       ; 0         ; 0    ; 0            ; |alu|addition:addition0|CSA_32bits:CSA0|RCA_16bits:RCA0|full_adder:FA1        ; full_adder  ; work         ;
;             |full_adder:FA2|  ; 1 (1)               ; 0 (0)                     ; 0           ; 0            ; 0       ; 0         ; 0    ; 0            ; |alu|addition:addition0|CSA_32bits:CSA0|RCA_16bits:RCA0|full_adder:FA2        ; full_adder  ; work         ;
;             |full_adder:FA3|  ; 1 (1)               ; 0 (0)                     ; 0           ; 0            ; 0       ; 0         ; 0    ; 0            ; |alu|addition:addition0|CSA_32bits:CSA0|RCA_16bits:RCA0|full_adder:FA3        ; full_adder  ; work         ;
;             |full_adder:FA4|  ; 1 (1)               ; 0 (0)                     ; 0           ; 0            ; 0       ; 0         ; 0    ; 0            ; |alu|addition:addition0|CSA_32bits:CSA0|RCA_16bits:RCA0|full_adder:FA4        ; full_adder  ; work         ;
;             |full_adder:FA5|  ; 1 (1)               ; 0 (0)                     ; 0           ; 0            ; 0       ; 0         ; 0    ; 0            ; |alu|addition:addition0|CSA_32bits:CSA0|RCA_16bits:RCA0|full_adder:FA5        ; full_adder  ; work         ;
;             |full_adder:FA6|  ; 1 (1)               ; 0 (0)                     ; 0           ; 0            ; 0       ; 0         ; 0    ; 0            ; |alu|addition:addition0|CSA_32bits:CSA0|RCA_16bits:RCA0|full_adder:FA6        ; full_adder  ; work         ;
;             |full_adder:FA7|  ; 1 (1)               ; 0 (0)                     ; 0           ; 0            ; 0       ; 0         ; 0    ; 0            ; |alu|addition:addition0|CSA_32bits:CSA0|RCA_16bits:RCA0|full_adder:FA7        ; full_adder  ; work         ;
;             |full_adder:FA8|  ; 1 (1)               ; 0 (0)                     ; 0           ; 0            ; 0       ; 0         ; 0    ; 0            ; |alu|addition:addition0|CSA_32bits:CSA0|RCA_16bits:RCA0|full_adder:FA8        ; full_adder  ; work         ;
;             |full_adder:FA9|  ; 1 (1)               ; 0 (0)                     ; 0           ; 0            ; 0       ; 0         ; 0    ; 0            ; |alu|addition:addition0|CSA_32bits:CSA0|RCA_16bits:RCA0|full_adder:FA9        ; full_adder  ; work         ;
;          |RCA_16bits:RCA1|    ; 12 (0)              ; 0 (0)                     ; 0           ; 0            ; 0       ; 0         ; 0    ; 0            ; |alu|addition:addition0|CSA_32bits:CSA0|RCA_16bits:RCA1                       ; RCA_16bits  ; work         ;
;             |full_adder:FA10| ; 1 (1)               ; 0 (0)                     ; 0           ; 0            ; 0       ; 0         ; 0    ; 0            ; |alu|addition:addition0|CSA_32bits:CSA0|RCA_16bits:RCA1|full_adder:FA10       ; full_adder  ; work         ;
;             |full_adder:FA11| ; 1 (1)               ; 0 (0)                     ; 0           ; 0            ; 0       ; 0         ; 0    ; 0            ; |alu|addition:addition0|CSA_32bits:CSA0|RCA_16bits:RCA1|full_adder:FA11       ; full_adder  ; work         ;
;             |full_adder:FA12| ; 1 (1)               ; 0 (0)                     ; 0           ; 0            ; 0       ; 0         ; 0    ; 0            ; |alu|addition:addition0|CSA_32bits:CSA0|RCA_16bits:RCA1|full_adder:FA12       ; full_adder  ; work         ;
;             |full_adder:FA1|  ; 1 (1)               ; 0 (0)                     ; 0           ; 0            ; 0       ; 0         ; 0    ; 0            ; |alu|addition:addition0|CSA_32bits:CSA0|RCA_16bits:RCA1|full_adder:FA1        ; full_adder  ; work         ;
;             |full_adder:FA2|  ; 1 (1)               ; 0 (0)                     ; 0           ; 0            ; 0       ; 0         ; 0    ; 0            ; |alu|addition:addition0|CSA_32bits:CSA0|RCA_16bits:RCA1|full_adder:FA2        ; full_adder  ; work         ;
;             |full_adder:FA3|  ; 1 (1)               ; 0 (0)                     ; 0           ; 0            ; 0       ; 0         ; 0    ; 0            ; |alu|addition:addition0|CSA_32bits:CSA0|RCA_16bits:RCA1|full_adder:FA3        ; full_adder  ; work         ;
;             |full_adder:FA4|  ; 1 (1)               ; 0 (0)                     ; 0           ; 0            ; 0       ; 0         ; 0    ; 0            ; |alu|addition:addition0|CSA_32bits:CSA0|RCA_16bits:RCA1|full_adder:FA4        ; full_adder  ; work         ;
;             |full_adder:FA5|  ; 1 (1)               ; 0 (0)                     ; 0           ; 0            ; 0       ; 0         ; 0    ; 0            ; |alu|addition:addition0|CSA_32bits:CSA0|RCA_16bits:RCA1|full_adder:FA5        ; full_adder  ; work         ;
;             |full_adder:FA6|  ; 1 (1)               ; 0 (0)                     ; 0           ; 0            ; 0       ; 0         ; 0    ; 0            ; |alu|addition:addition0|CSA_32bits:CSA0|RCA_16bits:RCA1|full_adder:FA6        ; full_adder  ; work         ;
;             |full_adder:FA7|  ; 1 (1)               ; 0 (0)                     ; 0           ; 0            ; 0       ; 0         ; 0    ; 0            ; |alu|addition:addition0|CSA_32bits:CSA0|RCA_16bits:RCA1|full_adder:FA7        ; full_adder  ; work         ;
;             |full_adder:FA8|  ; 1 (1)               ; 0 (0)                     ; 0           ; 0            ; 0       ; 0         ; 0    ; 0            ; |alu|addition:addition0|CSA_32bits:CSA0|RCA_16bits:RCA1|full_adder:FA8        ; full_adder  ; work         ;
;             |full_adder:FA9|  ; 1 (1)               ; 0 (0)                     ; 0           ; 0            ; 0       ; 0         ; 0    ; 0            ; |alu|addition:addition0|CSA_32bits:CSA0|RCA_16bits:RCA1|full_adder:FA9        ; full_adder  ; work         ;
;          |RCA_16bits:RCA2|    ; 12 (0)              ; 0 (0)                     ; 0           ; 0            ; 0       ; 0         ; 0    ; 0            ; |alu|addition:addition0|CSA_32bits:CSA0|RCA_16bits:RCA2                       ; RCA_16bits  ; work         ;
;             |full_adder:FA10| ; 1 (1)               ; 0 (0)                     ; 0           ; 0            ; 0       ; 0         ; 0    ; 0            ; |alu|addition:addition0|CSA_32bits:CSA0|RCA_16bits:RCA2|full_adder:FA10       ; full_adder  ; work         ;
;             |full_adder:FA11| ; 1 (1)               ; 0 (0)                     ; 0           ; 0            ; 0       ; 0         ; 0    ; 0            ; |alu|addition:addition0|CSA_32bits:CSA0|RCA_16bits:RCA2|full_adder:FA11       ; full_adder  ; work         ;
;             |full_adder:FA12| ; 1 (1)               ; 0 (0)                     ; 0           ; 0            ; 0       ; 0         ; 0    ; 0            ; |alu|addition:addition0|CSA_32bits:CSA0|RCA_16bits:RCA2|full_adder:FA12       ; full_adder  ; work         ;
;             |full_adder:FA1|  ; 1 (1)               ; 0 (0)                     ; 0           ; 0            ; 0       ; 0         ; 0    ; 0            ; |alu|addition:addition0|CSA_32bits:CSA0|RCA_16bits:RCA2|full_adder:FA1        ; full_adder  ; work         ;
;             |full_adder:FA2|  ; 1 (1)               ; 0 (0)                     ; 0           ; 0            ; 0       ; 0         ; 0    ; 0            ; |alu|addition:addition0|CSA_32bits:CSA0|RCA_16bits:RCA2|full_adder:FA2        ; full_adder  ; work         ;
;             |full_adder:FA3|  ; 1 (1)               ; 0 (0)                     ; 0           ; 0            ; 0       ; 0         ; 0    ; 0            ; |alu|addition:addition0|CSA_32bits:CSA0|RCA_16bits:RCA2|full_adder:FA3        ; full_adder  ; work         ;
;             |full_adder:FA4|  ; 1 (1)               ; 0 (0)                     ; 0           ; 0            ; 0       ; 0         ; 0    ; 0            ; |alu|addition:addition0|CSA_32bits:CSA0|RCA_16bits:RCA2|full_adder:FA4        ; full_adder  ; work         ;
;             |full_adder:FA5|  ; 1 (1)               ; 0 (0)                     ; 0           ; 0            ; 0       ; 0         ; 0    ; 0            ; |alu|addition:addition0|CSA_32bits:CSA0|RCA_16bits:RCA2|full_adder:FA5        ; full_adder  ; work         ;
;             |full_adder:FA6|  ; 1 (1)               ; 0 (0)                     ; 0           ; 0            ; 0       ; 0         ; 0    ; 0            ; |alu|addition:addition0|CSA_32bits:CSA0|RCA_16bits:RCA2|full_adder:FA6        ; full_adder  ; work         ;
;             |full_adder:FA7|  ; 1 (1)               ; 0 (0)                     ; 0           ; 0            ; 0       ; 0         ; 0    ; 0            ; |alu|addition:addition0|CSA_32bits:CSA0|RCA_16bits:RCA2|full_adder:FA7        ; full_adder  ; work         ;
;             |full_adder:FA8|  ; 1 (1)               ; 0 (0)                     ; 0           ; 0            ; 0       ; 0         ; 0    ; 0            ; |alu|addition:addition0|CSA_32bits:CSA0|RCA_16bits:RCA2|full_adder:FA8        ; full_adder  ; work         ;
;             |full_adder:FA9|  ; 1 (1)               ; 0 (0)                     ; 0           ; 0            ; 0       ; 0         ; 0    ; 0            ; |alu|addition:addition0|CSA_32bits:CSA0|RCA_16bits:RCA2|full_adder:FA9        ; full_adder  ; work         ;
;          |mux_16bits:mux1|    ; 1 (0)               ; 0 (0)                     ; 0           ; 0            ; 0       ; 0         ; 0    ; 0            ; |alu|addition:addition0|CSA_32bits:CSA0|mux_16bits:mux1                       ; mux_16bits  ; work         ;
;             |mux:mux15|       ; 1 (1)               ; 0 (0)                     ; 0           ; 0            ; 0       ; 0         ; 0    ; 0            ; |alu|addition:addition0|CSA_32bits:CSA0|mux_16bits:mux1|mux:mux15             ; mux         ; work         ;
;    |mux:mux0|                 ; 2 (2)               ; 0 (0)                     ; 0           ; 0            ; 0       ; 0         ; 0    ; 0            ; |alu|mux:mux0                                                                 ; mux         ; work         ;
;    |mux_32bits:mux1|          ; 49 (0)              ; 0 (0)                     ; 0           ; 0            ; 0       ; 0         ; 0    ; 0            ; |alu|mux_32bits:mux1                                                          ; mux_32bits  ; work         ;
;       |mux:mux0|              ; 1 (1)               ; 0 (0)                     ; 0           ; 0            ; 0       ; 0         ; 0    ; 0            ; |alu|mux_32bits:mux1|mux:mux0                                                 ; mux         ; work         ;
;       |mux:mux10|             ; 1 (1)               ; 0 (0)                     ; 0           ; 0            ; 0       ; 0         ; 0    ; 0            ; |alu|mux_32bits:mux1|mux:mux10                                                ; mux         ; work         ;
;       |mux:mux11|             ; 1 (1)               ; 0 (0)                     ; 0           ; 0            ; 0       ; 0         ; 0    ; 0            ; |alu|mux_32bits:mux1|mux:mux11                                                ; mux         ; work         ;
;       |mux:mux12|             ; 1 (1)               ; 0 (0)                     ; 0           ; 0            ; 0       ; 0         ; 0    ; 0            ; |alu|mux_32bits:mux1|mux:mux12                                                ; mux         ; work         ;
;       |mux:mux13|             ; 1 (1)               ; 0 (0)                     ; 0           ; 0            ; 0       ; 0         ; 0    ; 0            ; |alu|mux_32bits:mux1|mux:mux13                                                ; mux         ; work         ;
;       |mux:mux14|             ; 1 (1)               ; 0 (0)                     ; 0           ; 0            ; 0       ; 0         ; 0    ; 0            ; |alu|mux_32bits:mux1|mux:mux14                                                ; mux         ; work         ;
;       |mux:mux15|             ; 1 (1)               ; 0 (0)                     ; 0           ; 0            ; 0       ; 0         ; 0    ; 0            ; |alu|mux_32bits:mux1|mux:mux15                                                ; mux         ; work         ;
;       |mux:mux16|             ; 1 (1)               ; 0 (0)                     ; 0           ; 0            ; 0       ; 0         ; 0    ; 0            ; |alu|mux_32bits:mux1|mux:mux16                                                ; mux         ; work         ;
;       |mux:mux17|             ; 2 (2)               ; 0 (0)                     ; 0           ; 0            ; 0       ; 0         ; 0    ; 0            ; |alu|mux_32bits:mux1|mux:mux17                                                ; mux         ; work         ;
;       |mux:mux18|             ; 2 (2)               ; 0 (0)                     ; 0           ; 0            ; 0       ; 0         ; 0    ; 0            ; |alu|mux_32bits:mux1|mux:mux18                                                ; mux         ; work         ;
;       |mux:mux19|             ; 2 (2)               ; 0 (0)                     ; 0           ; 0            ; 0       ; 0         ; 0    ; 0            ; |alu|mux_32bits:mux1|mux:mux19                                                ; mux         ; work         ;
;       |mux:mux1|              ; 1 (1)               ; 0 (0)                     ; 0           ; 0            ; 0       ; 0         ; 0    ; 0            ; |alu|mux_32bits:mux1|mux:mux1                                                 ; mux         ; work         ;
;       |mux:mux20|             ; 2 (2)               ; 0 (0)                     ; 0           ; 0            ; 0       ; 0         ; 0    ; 0            ; |alu|mux_32bits:mux1|mux:mux20                                                ; mux         ; work         ;
;       |mux:mux21|             ; 2 (2)               ; 0 (0)                     ; 0           ; 0            ; 0       ; 0         ; 0    ; 0            ; |alu|mux_32bits:mux1|mux:mux21                                                ; mux         ; work         ;
;       |mux:mux22|             ; 2 (2)               ; 0 (0)                     ; 0           ; 0            ; 0       ; 0         ; 0    ; 0            ; |alu|mux_32bits:mux1|mux:mux22                                                ; mux         ; work         ;
;       |mux:mux23|             ; 2 (2)               ; 0 (0)                     ; 0           ; 0            ; 0       ; 0         ; 0    ; 0            ; |alu|mux_32bits:mux1|mux:mux23                                                ; mux         ; work         ;
;       |mux:mux24|             ; 2 (2)               ; 0 (0)                     ; 0           ; 0            ; 0       ; 0         ; 0    ; 0            ; |alu|mux_32bits:mux1|mux:mux24                                                ; mux         ; work         ;
;       |mux:mux25|             ; 2 (2)               ; 0 (0)                     ; 0           ; 0            ; 0       ; 0         ; 0    ; 0            ; |alu|mux_32bits:mux1|mux:mux25                                                ; mux         ; work         ;
;       |mux:mux26|             ; 2 (2)               ; 0 (0)                     ; 0           ; 0            ; 0       ; 0         ; 0    ; 0            ; |alu|mux_32bits:mux1|mux:mux26                                                ; mux         ; work         ;
;       |mux:mux27|             ; 2 (2)               ; 0 (0)                     ; 0           ; 0            ; 0       ; 0         ; 0    ; 0            ; |alu|mux_32bits:mux1|mux:mux27                                                ; mux         ; work         ;
;       |mux:mux28|             ; 2 (2)               ; 0 (0)                     ; 0           ; 0            ; 0       ; 0         ; 0    ; 0            ; |alu|mux_32bits:mux1|mux:mux28                                                ; mux         ; work         ;
;       |mux:mux29|             ; 2 (2)               ; 0 (0)                     ; 0           ; 0            ; 0       ; 0         ; 0    ; 0            ; |alu|mux_32bits:mux1|mux:mux29                                                ; mux         ; work         ;
;       |mux:mux2|              ; 1 (1)               ; 0 (0)                     ; 0           ; 0            ; 0       ; 0         ; 0    ; 0            ; |alu|mux_32bits:mux1|mux:mux2                                                 ; mux         ; work         ;
;       |mux:mux30|             ; 5 (5)               ; 0 (0)                     ; 0           ; 0            ; 0       ; 0         ; 0    ; 0            ; |alu|mux_32bits:mux1|mux:mux30                                                ; mux         ; work         ;
;       |mux:mux31|             ; 1 (1)               ; 0 (0)                     ; 0           ; 0            ; 0       ; 0         ; 0    ; 0            ; |alu|mux_32bits:mux1|mux:mux31                                                ; mux         ; work         ;
;       |mux:mux3|              ; 1 (1)               ; 0 (0)                     ; 0           ; 0            ; 0       ; 0         ; 0    ; 0            ; |alu|mux_32bits:mux1|mux:mux3                                                 ; mux         ; work         ;
;       |mux:mux4|              ; 1 (1)               ; 0 (0)                     ; 0           ; 0            ; 0       ; 0         ; 0    ; 0            ; |alu|mux_32bits:mux1|mux:mux4                                                 ; mux         ; work         ;
;       |mux:mux5|              ; 1 (1)               ; 0 (0)                     ; 0           ; 0            ; 0       ; 0         ; 0    ; 0            ; |alu|mux_32bits:mux1|mux:mux5                                                 ; mux         ; work         ;
;       |mux:mux6|              ; 1 (1)               ; 0 (0)                     ; 0           ; 0            ; 0       ; 0         ; 0    ; 0            ; |alu|mux_32bits:mux1|mux:mux6                                                 ; mux         ; work         ;
;       |mux:mux7|              ; 1 (1)               ; 0 (0)                     ; 0           ; 0            ; 0       ; 0         ; 0    ; 0            ; |alu|mux_32bits:mux1|mux:mux7                                                 ; mux         ; work         ;
;       |mux:mux8|              ; 1 (1)               ; 0 (0)                     ; 0           ; 0            ; 0       ; 0         ; 0    ; 0            ; |alu|mux_32bits:mux1|mux:mux8                                                 ; mux         ; work         ;
;       |mux:mux9|              ; 1 (1)               ; 0 (0)                     ; 0           ; 0            ; 0       ; 0         ; 0    ; 0            ; |alu|mux_32bits:mux1|mux:mux9                                                 ; mux         ; work         ;
;    |subtraction:subtraction0| ; 88 (0)              ; 0 (0)                     ; 0           ; 0            ; 0       ; 0         ; 0    ; 0            ; |alu|subtraction:subtraction0                                                 ; subtraction ; work         ;
;       |CSA_32bits:CSA0|       ; 88 (0)              ; 0 (0)                     ; 0           ; 0            ; 0       ; 0         ; 0    ; 0            ; |alu|subtraction:subtraction0|CSA_32bits:CSA0                                 ; CSA_32bits  ; work         ;
;          |RCA_16bits:RCA0|    ; 32 (0)              ; 0 (0)                     ; 0           ; 0            ; 0       ; 0         ; 0    ; 0            ; |alu|subtraction:subtraction0|CSA_32bits:CSA0|RCA_16bits:RCA0                 ; RCA_16bits  ; work         ;
;             |full_adder:FA10| ; 2 (2)               ; 0 (0)                     ; 0           ; 0            ; 0       ; 0         ; 0    ; 0            ; |alu|subtraction:subtraction0|CSA_32bits:CSA0|RCA_16bits:RCA0|full_adder:FA10 ; full_adder  ; work         ;
;             |full_adder:FA11| ; 2 (2)               ; 0 (0)                     ; 0           ; 0            ; 0       ; 0         ; 0    ; 0            ; |alu|subtraction:subtraction0|CSA_32bits:CSA0|RCA_16bits:RCA0|full_adder:FA11 ; full_adder  ; work         ;
;             |full_adder:FA12| ; 2 (2)               ; 0 (0)                     ; 0           ; 0            ; 0       ; 0         ; 0    ; 0            ; |alu|subtraction:subtraction0|CSA_32bits:CSA0|RCA_16bits:RCA0|full_adder:FA12 ; full_adder  ; work         ;
;             |full_adder:FA13| ; 2 (2)               ; 0 (0)                     ; 0           ; 0            ; 0       ; 0         ; 0    ; 0            ; |alu|subtraction:subtraction0|CSA_32bits:CSA0|RCA_16bits:RCA0|full_adder:FA13 ; full_adder  ; work         ;
;             |full_adder:FA14| ; 2 (2)               ; 0 (0)                     ; 0           ; 0            ; 0       ; 0         ; 0    ; 0            ; |alu|subtraction:subtraction0|CSA_32bits:CSA0|RCA_16bits:RCA0|full_adder:FA14 ; full_adder  ; work         ;
;             |full_adder:FA15| ; 2 (2)               ; 0 (0)                     ; 0           ; 0            ; 0       ; 0         ; 0    ; 0            ; |alu|subtraction:subtraction0|CSA_32bits:CSA0|RCA_16bits:RCA0|full_adder:FA15 ; full_adder  ; work         ;
;             |full_adder:FA1|  ; 2 (2)               ; 0 (0)                     ; 0           ; 0            ; 0       ; 0         ; 0    ; 0            ; |alu|subtraction:subtraction0|CSA_32bits:CSA0|RCA_16bits:RCA0|full_adder:FA1  ; full_adder  ; work         ;
;             |full_adder:FA2|  ; 2 (2)               ; 0 (0)                     ; 0           ; 0            ; 0       ; 0         ; 0    ; 0            ; |alu|subtraction:subtraction0|CSA_32bits:CSA0|RCA_16bits:RCA0|full_adder:FA2  ; full_adder  ; work         ;
;             |full_adder:FA3|  ; 4 (4)               ; 0 (0)                     ; 0           ; 0            ; 0       ; 0         ; 0    ; 0            ; |alu|subtraction:subtraction0|CSA_32bits:CSA0|RCA_16bits:RCA0|full_adder:FA3  ; full_adder  ; work         ;
;             |full_adder:FA4|  ; 2 (2)               ; 0 (0)                     ; 0           ; 0            ; 0       ; 0         ; 0    ; 0            ; |alu|subtraction:subtraction0|CSA_32bits:CSA0|RCA_16bits:RCA0|full_adder:FA4  ; full_adder  ; work         ;
;             |full_adder:FA5|  ; 2 (2)               ; 0 (0)                     ; 0           ; 0            ; 0       ; 0         ; 0    ; 0            ; |alu|subtraction:subtraction0|CSA_32bits:CSA0|RCA_16bits:RCA0|full_adder:FA5  ; full_adder  ; work         ;
;             |full_adder:FA6|  ; 2 (2)               ; 0 (0)                     ; 0           ; 0            ; 0       ; 0         ; 0    ; 0            ; |alu|subtraction:subtraction0|CSA_32bits:CSA0|RCA_16bits:RCA0|full_adder:FA6  ; full_adder  ; work         ;
;             |full_adder:FA7|  ; 2 (2)               ; 0 (0)                     ; 0           ; 0            ; 0       ; 0         ; 0    ; 0            ; |alu|subtraction:subtraction0|CSA_32bits:CSA0|RCA_16bits:RCA0|full_adder:FA7  ; full_adder  ; work         ;
;             |full_adder:FA8|  ; 2 (2)               ; 0 (0)                     ; 0           ; 0            ; 0       ; 0         ; 0    ; 0            ; |alu|subtraction:subtraction0|CSA_32bits:CSA0|RCA_16bits:RCA0|full_adder:FA8  ; full_adder  ; work         ;
;             |full_adder:FA9|  ; 2 (2)               ; 0 (0)                     ; 0           ; 0            ; 0       ; 0         ; 0    ; 0            ; |alu|subtraction:subtraction0|CSA_32bits:CSA0|RCA_16bits:RCA0|full_adder:FA9  ; full_adder  ; work         ;
;          |RCA_16bits:RCA1|    ; 26 (0)              ; 0 (0)                     ; 0           ; 0            ; 0       ; 0         ; 0    ; 0            ; |alu|subtraction:subtraction0|CSA_32bits:CSA0|RCA_16bits:RCA1                 ; RCA_16bits  ; work         ;
;             |full_adder:FA10| ; 2 (2)               ; 0 (0)                     ; 0           ; 0            ; 0       ; 0         ; 0    ; 0            ; |alu|subtraction:subtraction0|CSA_32bits:CSA0|RCA_16bits:RCA1|full_adder:FA10 ; full_adder  ; work         ;
;             |full_adder:FA11| ; 1 (1)               ; 0 (0)                     ; 0           ; 0            ; 0       ; 0         ; 0    ; 0            ; |alu|subtraction:subtraction0|CSA_32bits:CSA0|RCA_16bits:RCA1|full_adder:FA11 ; full_adder  ; work         ;
;             |full_adder:FA12| ; 1 (1)               ; 0 (0)                     ; 0           ; 0            ; 0       ; 0         ; 0    ; 0            ; |alu|subtraction:subtraction0|CSA_32bits:CSA0|RCA_16bits:RCA1|full_adder:FA12 ; full_adder  ; work         ;
;             |full_adder:FA13| ; 1 (1)               ; 0 (0)                     ; 0           ; 0            ; 0       ; 0         ; 0    ; 0            ; |alu|subtraction:subtraction0|CSA_32bits:CSA0|RCA_16bits:RCA1|full_adder:FA13 ; full_adder  ; work         ;
;             |full_adder:FA14| ; 2 (2)               ; 0 (0)                     ; 0           ; 0            ; 0       ; 0         ; 0    ; 0            ; |alu|subtraction:subtraction0|CSA_32bits:CSA0|RCA_16bits:RCA1|full_adder:FA14 ; full_adder  ; work         ;
;             |full_adder:FA1|  ; 2 (2)               ; 0 (0)                     ; 0           ; 0            ; 0       ; 0         ; 0    ; 0            ; |alu|subtraction:subtraction0|CSA_32bits:CSA0|RCA_16bits:RCA1|full_adder:FA1  ; full_adder  ; work         ;
;             |full_adder:FA2|  ; 1 (1)               ; 0 (0)                     ; 0           ; 0            ; 0       ; 0         ; 0    ; 0            ; |alu|subtraction:subtraction0|CSA_32bits:CSA0|RCA_16bits:RCA1|full_adder:FA2  ; full_adder  ; work         ;
;             |full_adder:FA3|  ; 2 (2)               ; 0 (0)                     ; 0           ; 0            ; 0       ; 0         ; 0    ; 0            ; |alu|subtraction:subtraction0|CSA_32bits:CSA0|RCA_16bits:RCA1|full_adder:FA3  ; full_adder  ; work         ;
;             |full_adder:FA4|  ; 2 (2)               ; 0 (0)                     ; 0           ; 0            ; 0       ; 0         ; 0    ; 0            ; |alu|subtraction:subtraction0|CSA_32bits:CSA0|RCA_16bits:RCA1|full_adder:FA4  ; full_adder  ; work         ;
;             |full_adder:FA5|  ; 1 (1)               ; 0 (0)                     ; 0           ; 0            ; 0       ; 0         ; 0    ; 0            ; |alu|subtraction:subtraction0|CSA_32bits:CSA0|RCA_16bits:RCA1|full_adder:FA5  ; full_adder  ; work         ;
;             |full_adder:FA6|  ; 2 (2)               ; 0 (0)                     ; 0           ; 0            ; 0       ; 0         ; 0    ; 0            ; |alu|subtraction:subtraction0|CSA_32bits:CSA0|RCA_16bits:RCA1|full_adder:FA6  ; full_adder  ; work         ;
;             |full_adder:FA7|  ; 6 (6)               ; 0 (0)                     ; 0           ; 0            ; 0       ; 0         ; 0    ; 0            ; |alu|subtraction:subtraction0|CSA_32bits:CSA0|RCA_16bits:RCA1|full_adder:FA7  ; full_adder  ; work         ;
;             |full_adder:FA8|  ; 1 (1)               ; 0 (0)                     ; 0           ; 0            ; 0       ; 0         ; 0    ; 0            ; |alu|subtraction:subtraction0|CSA_32bits:CSA0|RCA_16bits:RCA1|full_adder:FA8  ; full_adder  ; work         ;
;             |full_adder:FA9|  ; 2 (2)               ; 0 (0)                     ; 0           ; 0            ; 0       ; 0         ; 0    ; 0            ; |alu|subtraction:subtraction0|CSA_32bits:CSA0|RCA_16bits:RCA1|full_adder:FA9  ; full_adder  ; work         ;
;          |RCA_16bits:RCA2|    ; 8 (0)               ; 0 (0)                     ; 0           ; 0            ; 0       ; 0         ; 0    ; 0            ; |alu|subtraction:subtraction0|CSA_32bits:CSA0|RCA_16bits:RCA2                 ; RCA_16bits  ; work         ;
;             |full_adder:FA13| ; 3 (3)               ; 0 (0)                     ; 0           ; 0            ; 0       ; 0         ; 0    ; 0            ; |alu|subtraction:subtraction0|CSA_32bits:CSA0|RCA_16bits:RCA2|full_adder:FA13 ; full_adder  ; work         ;
;             |full_adder:FA15| ; 1 (1)               ; 0 (0)                     ; 0           ; 0            ; 0       ; 0         ; 0    ; 0            ; |alu|subtraction:subtraction0|CSA_32bits:CSA0|RCA_16bits:RCA2|full_adder:FA15 ; full_adder  ; work         ;
;             |full_adder:FA6|  ; 4 (4)               ; 0 (0)                     ; 0           ; 0            ; 0       ; 0         ; 0    ; 0            ; |alu|subtraction:subtraction0|CSA_32bits:CSA0|RCA_16bits:RCA2|full_adder:FA6  ; full_adder  ; work         ;
;          |mux_16bits:mux1|    ; 22 (0)              ; 0 (0)                     ; 0           ; 0            ; 0       ; 0         ; 0    ; 0            ; |alu|subtraction:subtraction0|CSA_32bits:CSA0|mux_16bits:mux1                 ; mux_16bits  ; work         ;
;             |mux:mux0|        ; 1 (1)               ; 0 (0)                     ; 0           ; 0            ; 0       ; 0         ; 0    ; 0            ; |alu|subtraction:subtraction0|CSA_32bits:CSA0|mux_16bits:mux1|mux:mux0        ; mux         ; work         ;
;             |mux:mux10|       ; 1 (1)               ; 0 (0)                     ; 0           ; 0            ; 0       ; 0         ; 0    ; 0            ; |alu|subtraction:subtraction0|CSA_32bits:CSA0|mux_16bits:mux1|mux:mux10       ; mux         ; work         ;
;             |mux:mux11|       ; 2 (2)               ; 0 (0)                     ; 0           ; 0            ; 0       ; 0         ; 0    ; 0            ; |alu|subtraction:subtraction0|CSA_32bits:CSA0|mux_16bits:mux1|mux:mux11       ; mux         ; work         ;
;             |mux:mux12|       ; 1 (1)               ; 0 (0)                     ; 0           ; 0            ; 0       ; 0         ; 0    ; 0            ; |alu|subtraction:subtraction0|CSA_32bits:CSA0|mux_16bits:mux1|mux:mux12       ; mux         ; work         ;
;             |mux:mux13|       ; 1 (1)               ; 0 (0)                     ; 0           ; 0            ; 0       ; 0         ; 0    ; 0            ; |alu|subtraction:subtraction0|CSA_32bits:CSA0|mux_16bits:mux1|mux:mux13       ; mux         ; work         ;
;             |mux:mux15|       ; 5 (5)               ; 0 (0)                     ; 0           ; 0            ; 0       ; 0         ; 0    ; 0            ; |alu|subtraction:subtraction0|CSA_32bits:CSA0|mux_16bits:mux1|mux:mux15       ; mux         ; work         ;
;             |mux:mux1|        ; 1 (1)               ; 0 (0)                     ; 0           ; 0            ; 0       ; 0         ; 0    ; 0            ; |alu|subtraction:subtraction0|CSA_32bits:CSA0|mux_16bits:mux1|mux:mux1        ; mux         ; work         ;
;             |mux:mux2|        ; 2 (2)               ; 0 (0)                     ; 0           ; 0            ; 0       ; 0         ; 0    ; 0            ; |alu|subtraction:subtraction0|CSA_32bits:CSA0|mux_16bits:mux1|mux:mux2        ; mux         ; work         ;
;             |mux:mux3|        ; 1 (1)               ; 0 (0)                     ; 0           ; 0            ; 0       ; 0         ; 0    ; 0            ; |alu|subtraction:subtraction0|CSA_32bits:CSA0|mux_16bits:mux1|mux:mux3        ; mux         ; work         ;
;             |mux:mux4|        ; 1 (1)               ; 0 (0)                     ; 0           ; 0            ; 0       ; 0         ; 0    ; 0            ; |alu|subtraction:subtraction0|CSA_32bits:CSA0|mux_16bits:mux1|mux:mux4        ; mux         ; work         ;
;             |mux:mux5|        ; 2 (2)               ; 0 (0)                     ; 0           ; 0            ; 0       ; 0         ; 0    ; 0            ; |alu|subtraction:subtraction0|CSA_32bits:CSA0|mux_16bits:mux1|mux:mux5        ; mux         ; work         ;
;             |mux:mux6|        ; 1 (1)               ; 0 (0)                     ; 0           ; 0            ; 0       ; 0         ; 0    ; 0            ; |alu|subtraction:subtraction0|CSA_32bits:CSA0|mux_16bits:mux1|mux:mux6        ; mux         ; work         ;
;             |mux:mux7|        ; 1 (1)               ; 0 (0)                     ; 0           ; 0            ; 0       ; 0         ; 0    ; 0            ; |alu|subtraction:subtraction0|CSA_32bits:CSA0|mux_16bits:mux1|mux:mux7        ; mux         ; work         ;
;             |mux:mux8|        ; 1 (1)               ; 0 (0)                     ; 0           ; 0            ; 0       ; 0         ; 0    ; 0            ; |alu|subtraction:subtraction0|CSA_32bits:CSA0|mux_16bits:mux1|mux:mux8        ; mux         ; work         ;
;             |mux:mux9|        ; 1 (1)               ; 0 (0)                     ; 0           ; 0            ; 0       ; 0         ; 0    ; 0            ; |alu|subtraction:subtraction0|CSA_32bits:CSA0|mux_16bits:mux1|mux:mux9        ; mux         ; work         ;
+-------------------------------+---------------------+---------------------------+-------------+--------------+---------+-----------+------+--------------+-------------------------------------------------------------------------------+-------------+--------------+
Note: For table entries with two numbers listed, the numbers in parentheses indicate the number of resources of the given type used by the specific entity alone. The numbers listed outside of parentheses indicate the total resources of the given type used by the specific entity and all of its sub-entities in the hierarchy.


+------------------------------------------------------+
; General Register Statistics                          ;
+----------------------------------------------+-------+
; Statistic                                    ; Value ;
+----------------------------------------------+-------+
; Total registers                              ; 0     ;
; Number of registers using Synchronous Clear  ; 0     ;
; Number of registers using Synchronous Load   ; 0     ;
; Number of registers using Asynchronous Clear ; 0     ;
; Number of registers using Asynchronous Load  ; 0     ;
; Number of registers using Clock Enable       ; 0     ;
; Number of registers using Preset             ; 0     ;
+----------------------------------------------+-------+


+--------------------------------------------------------------------------------------------------------------------------------------------------+
; Multiplexer Restructuring Statistics (Restructuring Performed)                                                                                   ;
+--------------------+-----------+---------------+----------------------+------------------------+------------+------------------------------------+
; Multiplexer Inputs ; Bus Width ; Baseline Area ; Area if Restructured ; Saving if Restructured ; Registered ; Example Multiplexer Output         ;
+--------------------+-----------+---------------+----------------------+------------------------+------------+------------------------------------+
; 3:1                ; 14 bits   ; 28 LEs        ; 28 LEs               ; 0 LEs                  ; No         ; |alu|mux_32bits:mux1|mux:mux17|or0 ;
+--------------------+-----------+---------------+----------------------+------------------------+------------+------------------------------------+


+------------------------------------------------------------------------------------------------------------------------------------------------------------------------------------------------------------------+
; Port Connectivity Checks: "subtraction:subtraction0|CSA_32bits:CSA0"                                                                                                                                             ;
+----------+-------+----------+------------------------------------------------------------------------------------------------------------------------------------------------------------------------------------+
; Port     ; Type  ; Severity ; Details                                                                                                                                                                            ;
+----------+-------+----------+------------------------------------------------------------------------------------------------------------------------------------------------------------------------------------+
; c_in     ; Input ; Warning  ; Input port expression (32 bits) is wider than the input port (1 bits) it drives.  The 31 most-significant bit(s) in the expression will be dangling if they have no other fanouts. ;
; c_in[-1] ; Input ; Info     ; Stuck at VCC                                                                                                                                                                       ;
+----------+-------+----------+------------------------------------------------------------------------------------------------------------------------------------------------------------------------------------+


+-----------------------------------------------------------------------------------------------------------------+
; Port Connectivity Checks: "subtraction:subtraction0"                                                            ;
+-------+--------+----------+-------------------------------------------------------------------------------------+
; Port  ; Type   ; Severity ; Details                                                                             ;
+-------+--------+----------+-------------------------------------------------------------------------------------+
; c_out ; Output ; Info     ; Connected to dangling logic. Logic that only feeds a dangling port will be removed. ;
+-------+--------+----------+-------------------------------------------------------------------------------------+


+------------------------------------------------------------------------------------------------------------------------------------------------------------------------------------------------------------------+
; Port Connectivity Checks: "addition:addition0|CSA_32bits:CSA0|RCA_16bits:RCA2"                                                                                                                                   ;
+----------+-------+----------+------------------------------------------------------------------------------------------------------------------------------------------------------------------------------------+
; Port     ; Type  ; Severity ; Details                                                                                                                                                                            ;
+----------+-------+----------+------------------------------------------------------------------------------------------------------------------------------------------------------------------------------------+
; c_in     ; Input ; Warning  ; Input port expression (32 bits) is wider than the input port (1 bits) it drives.  The 31 most-significant bit(s) in the expression will be dangling if they have no other fanouts. ;
; c_in[-1] ; Input ; Info     ; Stuck at VCC                                                                                                                                                                       ;
+----------+-------+----------+------------------------------------------------------------------------------------------------------------------------------------------------------------------------------------+


+------------------------------------------------------------------------------------------------------------------------------------------------------------------------------------------------------------------+
; Port Connectivity Checks: "addition:addition0|CSA_32bits:CSA0|RCA_16bits:RCA1"                                                                                                                                   ;
+----------+-------+----------+------------------------------------------------------------------------------------------------------------------------------------------------------------------------------------+
; Port     ; Type  ; Severity ; Details                                                                                                                                                                            ;
+----------+-------+----------+------------------------------------------------------------------------------------------------------------------------------------------------------------------------------------+
; c_in     ; Input ; Warning  ; Input port expression (32 bits) is wider than the input port (1 bits) it drives.  The 31 most-significant bit(s) in the expression will be dangling if they have no other fanouts. ;
; c_in[-1] ; Input ; Info     ; Stuck at GND                                                                                                                                                                       ;
+----------+-------+----------+------------------------------------------------------------------------------------------------------------------------------------------------------------------------------------+


+------------------------------------------------------------------------------------------------------------------------------------------------------------------------------------------------------------------+
; Port Connectivity Checks: "addition:addition0|CSA_32bits:CSA0"                                                                                                                                                   ;
+----------+-------+----------+------------------------------------------------------------------------------------------------------------------------------------------------------------------------------------+
; Port     ; Type  ; Severity ; Details                                                                                                                                                                            ;
+----------+-------+----------+------------------------------------------------------------------------------------------------------------------------------------------------------------------------------------+
; c_in     ; Input ; Warning  ; Input port expression (32 bits) is wider than the input port (1 bits) it drives.  The 31 most-significant bit(s) in the expression will be dangling if they have no other fanouts. ;
; c_in[-1] ; Input ; Info     ; Stuck at GND                                                                                                                                                                       ;
+----------+-------+----------+------------------------------------------------------------------------------------------------------------------------------------------------------------------------------------+


+-----------------------------------------------------------------------------------------------------------------+
; Port Connectivity Checks: "addition:addition0"                                                                  ;
+-------+--------+----------+-------------------------------------------------------------------------------------+
; Port  ; Type   ; Severity ; Details                                                                             ;
+-------+--------+----------+-------------------------------------------------------------------------------------+
; c_out ; Output ; Info     ; Connected to dangling logic. Logic that only feeds a dangling port will be removed. ;
+-------+--------+----------+-------------------------------------------------------------------------------------+


+-----------------------------------------------------+
; Post-Synthesis Netlist Statistics for Top Partition ;
+-----------------------+-----------------------------+
; Type                  ; Count                       ;
+-----------------------+-----------------------------+
; boundary_port         ; 109                         ;
; cycloneiii_lcell_comb ; 180                         ;
;     normal            ; 180                         ;
;         0 data inputs ; 1                           ;
;         2 data inputs ; 38                          ;
;         3 data inputs ; 68                          ;
;         4 data inputs ; 73                          ;
;                       ;                             ;
; Max LUT depth         ; 27.00                       ;
; Average LUT depth     ; 15.84                       ;
+-----------------------+-----------------------------+


+-------------------------------+
; Elapsed Time Per Partition    ;
+----------------+--------------+
; Partition Name ; Elapsed Time ;
+----------------+--------------+
; Top            ; 00:00:01     ;
+----------------+--------------+


+-------------------------------+
; Analysis & Synthesis Messages ;
+-------------------------------+
Info: *******************************************************************
Info: Running Quartus Prime Analysis & Synthesis
    Info: Version 17.0.0 Build 595 04/25/2017 SJ Lite Edition
    Info: Processing started: Tue Sep 19 11:59:01 2023
Info: Command: quartus_map --read_settings_files=on --write_settings_files=off alu -c alu
Warning (18236): Number of processors has not been specified which may cause overloading on shared machines.  Set the global assignment NUM_PARALLEL_PROCESSORS in your QSF to an appropriate value for best performance.
Info (20030): Parallel compilation is enabled and will use 8 of the 8 processors detected
Info (12021): Found 1 design units, including 1 entities, in source file full_adder.v
    Info (12023): Found entity 1: full_adder File: C:/Users/Daenerys/Desktop/ECE 550D/project/checkpoint1 - ALU/full_adder.v Line: 1
Info (12021): Found 1 design units, including 1 entities, in source file rca_16bits.v
    Info (12023): Found entity 1: RCA_16bits File: C:/Users/Daenerys/Desktop/ECE 550D/project/checkpoint1 - ALU/RCA_16bits.v Line: 1
Warning (12090): Entity "mux" obtained from "mux.v" instead of from Quartus Prime megafunction library File: C:/Users/Daenerys/Desktop/ECE 550D/project/checkpoint1 - ALU/mux.v Line: 1
Info (12021): Found 1 design units, including 1 entities, in source file mux.v
    Info (12023): Found entity 1: mux File: C:/Users/Daenerys/Desktop/ECE 550D/project/checkpoint1 - ALU/mux.v Line: 1
Info (12021): Found 1 design units, including 1 entities, in source file mux_16bits.v
    Info (12023): Found entity 1: mux_16bits File: C:/Users/Daenerys/Desktop/ECE 550D/project/checkpoint1 - ALU/mux_16bits.v Line: 1
Info (12021): Found 1 design units, including 1 entities, in source file mux_32bits.v
    Info (12023): Found entity 1: mux_32bits File: C:/Users/Daenerys/Desktop/ECE 550D/project/checkpoint1 - ALU/mux_32bits.v Line: 1
Info (12021): Found 1 design units, including 1 entities, in source file addition.v
    Info (12023): Found entity 1: addition File: C:/Users/Daenerys/Desktop/ECE 550D/project/checkpoint1 - ALU/addition.v Line: 1
Info (12021): Found 1 design units, including 1 entities, in source file csa_32bits.v
    Info (12023): Found entity 1: CSA_32bits File: C:/Users/Daenerys/Desktop/ECE 550D/project/checkpoint1 - ALU/CSA_32bits.v Line: 1
Info (12021): Found 1 design units, including 1 entities, in source file subtraction.v
    Info (12023): Found entity 1: subtraction File: C:/Users/Daenerys/Desktop/ECE 550D/project/checkpoint1 - ALU/subtraction.v Line: 1
Info (12021): Found 1 design units, including 1 entities, in source file alu.v
    Info (12023): Found entity 1: alu File: C:/Users/Daenerys/Desktop/ECE 550D/project/checkpoint1 - ALU/alu.v Line: 1
Info (12021): Found 1 design units, including 1 entities, in source file alu_tb.v
    Info (12023): Found entity 1: alu_tb File: C:/Users/Daenerys/Desktop/ECE 550D/project/checkpoint1 - ALU/alu_tb.v Line: 3
Info (12127): Elaborating entity "alu" for the top level hierarchy
Warning (10034): Output port "isNotEqual" at alu.v(7) has no driver File: C:/Users/Daenerys/Desktop/ECE 550D/project/checkpoint1 - ALU/alu.v Line: 7
Warning (10034): Output port "isLessThan" at alu.v(7) has no driver File: C:/Users/Daenerys/Desktop/ECE 550D/project/checkpoint1 - ALU/alu.v Line: 7
Info (12128): Elaborating entity "addition" for hierarchy "addition:addition0" File: C:/Users/Daenerys/Desktop/ECE 550D/project/checkpoint1 - ALU/alu.v Line: 16
Info (12128): Elaborating entity "CSA_32bits" for hierarchy "addition:addition0|CSA_32bits:CSA0" File: C:/Users/Daenerys/Desktop/ECE 550D/project/checkpoint1 - ALU/addition.v Line: 8
Info (12128): Elaborating entity "RCA_16bits" for hierarchy "addition:addition0|CSA_32bits:CSA0|RCA_16bits:RCA0" File: C:/Users/Daenerys/Desktop/ECE 550D/project/checkpoint1 - ALU/CSA_32bits.v Line: 14
Info (12128): Elaborating entity "full_adder" for hierarchy "addition:addition0|CSA_32bits:CSA0|RCA_16bits:RCA0|full_adder:FA0" File: C:/Users/Daenerys/Desktop/ECE 550D/project/checkpoint1 - ALU/RCA_16bits.v Line: 13
Info (12128): Elaborating entity "mux" for hierarchy "addition:addition0|CSA_32bits:CSA0|mux:mux0" File: C:/Users/Daenerys/Desktop/ECE 550D/project/checkpoint1 - ALU/CSA_32bits.v Line: 18
Info (12128): Elaborating entity "mux_16bits" for hierarchy "addition:addition0|CSA_32bits:CSA0|mux_16bits:mux1" File: C:/Users/Daenerys/Desktop/ECE 550D/project/checkpoint1 - ALU/CSA_32bits.v Line: 19
Info (12128): Elaborating entity "subtraction" for hierarchy "subtraction:subtraction0" File: C:/Users/Daenerys/Desktop/ECE 550D/project/checkpoint1 - ALU/alu.v Line: 19
Info (12128): Elaborating entity "mux_32bits" for hierarchy "mux_32bits:mux1" File: C:/Users/Daenerys/Desktop/ECE 550D/project/checkpoint1 - ALU/alu.v Line: 23
Warning (12020): Port "ordered port 2" on the entity instantiation of "RCA2" is connected to a signal of width 32. The formal width of the signal in the module is 1.  The extra bits will be ignored. File: C:/Users/Daenerys/Desktop/ECE 550D/project/checkpoint1 - ALU/CSA_32bits.v Line: 16
Warning (12020): Port "ordered port 2" on the entity instantiation of "RCA1" is connected to a signal of width 32. The formal width of the signal in the module is 1.  The extra bits will be ignored. File: C:/Users/Daenerys/Desktop/ECE 550D/project/checkpoint1 - ALU/CSA_32bits.v Line: 15
Warning (12241): 4 hierarchies have connectivity warnings - see the Connectivity Checks report folder
Warning (13024): Output pins are stuck at VCC or GND
    Warning (13410): Pin "isNotEqual" is stuck at GND File: C:/Users/Daenerys/Desktop/ECE 550D/project/checkpoint1 - ALU/alu.v Line: 7
    Warning (13410): Pin "isLessThan" is stuck at GND File: C:/Users/Daenerys/Desktop/ECE 550D/project/checkpoint1 - ALU/alu.v Line: 7
Info (286030): Timing-Driven Synthesis is running
Info (16010): Generating hard_block partition "hard_block:auto_generated_inst"
    Info (16011): Adding 0 node(s), including 0 DDIO, 0 PLL, 0 transceiver and 0 LCELL
Warning (21074): Design contains 9 input pin(s) that do not drive logic
    Warning (15610): No output dependent on input pin "ctrl_ALUopcode[1]" File: C:/Users/Daenerys/Desktop/ECE 550D/project/checkpoint1 - ALU/alu.v Line: 4
    Warning (15610): No output dependent on input pin "ctrl_ALUopcode[2]" File: C:/Users/Daenerys/Desktop/ECE 550D/project/checkpoint1 - ALU/alu.v Line: 4
    Warning (15610): No output dependent on input pin "ctrl_ALUopcode[3]" File: C:/Users/Daenerys/Desktop/ECE 550D/project/checkpoint1 - ALU/alu.v Line: 4
    Warning (15610): No output dependent on input pin "ctrl_ALUopcode[4]" File: C:/Users/Daenerys/Desktop/ECE 550D/project/checkpoint1 - ALU/alu.v Line: 4
    Warning (15610): No output dependent on input pin "ctrl_shiftamt[0]" File: C:/Users/Daenerys/Desktop/ECE 550D/project/checkpoint1 - ALU/alu.v Line: 4
    Warning (15610): No output dependent on input pin "ctrl_shiftamt[1]" File: C:/Users/Daenerys/Desktop/ECE 550D/project/checkpoint1 - ALU/alu.v Line: 4
    Warning (15610): No output dependent on input pin "ctrl_shiftamt[2]" File: C:/Users/Daenerys/Desktop/ECE 550D/project/checkpoint1 - ALU/alu.v Line: 4
    Warning (15610): No output dependent on input pin "ctrl_shiftamt[3]" File: C:/Users/Daenerys/Desktop/ECE 550D/project/checkpoint1 - ALU/alu.v Line: 4
    Warning (15610): No output dependent on input pin "ctrl_shiftamt[4]" File: C:/Users/Daenerys/Desktop/ECE 550D/project/checkpoint1 - ALU/alu.v Line: 4
Info (21057): Implemented 288 device resources after synthesis - the final resource count might be different
    Info (21058): Implemented 74 input pins
    Info (21059): Implemented 35 output pins
    Info (21061): Implemented 179 logic cells
Info: Quartus Prime Analysis & Synthesis was successful. 0 errors, 20 warnings
    Info: Peak virtual memory: 4779 megabytes
    Info: Processing ended: Tue Sep 19 11:59:11 2023
    Info: Elapsed time: 00:00:10
    Info: Total CPU time (on all processors): 00:00:08


